<?xml version="1.0" encoding="UTF-8"?>
<testng-results skipped="0" failed="0" total="1" passed="1">
  <reporter-output>
  </reporter-output>
  <suite name="Default suite" duration-ms="28072" started-at="2019-09-11T07:30:54Z" finished-at="2019-09-11T07:31:22Z">
    <groups>
    </groups>
    <test name="Default test" duration-ms="28072" started-at="2019-09-11T07:30:54Z" finished-at="2019-09-11T07:31:22Z">
      <class name="com.qa.amazon.tests.ProductListPageTest">
        <test-method status="PASS" signature="setUp()[pri:0, instance:com.qa.amazon.tests.ProductListPageTest@45c8e616]" name="setUp" is-config="true" duration-ms="18114" started-at="2019-09-11T13:00:54Z" finished-at="2019-09-11T13:01:12Z">
          <reporter-output>
          </reporter-output>
        </test-method> <!-- setUp -->
        <test-method status="PASS" signature="verifyItemsPage()[pri:0, instance:com.qa.amazon.tests.ProductListPageTest@45c8e616]" name="verifyItemsPage" duration-ms="9944" started-at="2019-09-11T13:01:12Z" finished-at="2019-09-11T13:01:22Z">
          <reporter-output>
          </reporter-output>
        </test-method> <!-- verifyItemsPage -->
      </class> <!-- com.qa.amazon.tests.ProductListPageTest -->
    </test> <!-- Default test -->
  </suite> <!-- Default suite -->
</testng-results>
